<?xml version="1.0" encoding="UTF-8"?>
<testsuite name="PersonTests" tests="2" failures="0" errors="0" timestamp="2014-05-06T11:21:49" hostname="murali" time="0.003">
  <properties/>
  <testcase name="ShouldWelcomePersonByName1" classname="PersonTests" time="0.003"/>
  <testcase name="ShouldWelcomePersonByName" classname="PersonTests" time="0.0"/>
  <system-out><![CDATA[]]></system-out>
  <system-err><![CDATA[]]></system-err>
</testsuite>
